Drill report for SparkFun_GNSS_DAN-F10N_panelized.kicad_pcb
Created on 2025-04-15T12:31:11-0600

Copper Layer Stackup:
    =============================================================
    L1 :  F.Cu                      front
    L2 :  In1.Cu                    in1
    L3 :  In2.Cu                    in2
    L4 :  B.Cu                      back


Drill file 'SparkFun_GNSS_DAN-F10N_panelized.drl' contains
    plated through holes:
    =============================================================
    T1  0.300mm  0.0118"  (1452 holes)
    T2  0.600mm  0.0236"  (48 holes)  (with 48 slots)
    T3  1.016mm  0.0400"  (192 holes)

    Total plated holes count 1692


Not plated through holes are merged with plated holes
    unplated through holes:
    =============================================================
    T4  0.650mm  0.0256"  (24 holes)
    T5  2.300mm  0.0906"  (12 holes)
    T6  3.100mm  0.1220"  (48 holes)

    Total unplated holes count 84
